*----------------------------------------------------------------------------------------
*	Innovus 17.11-s080_1 (64bit) 08/04/2017 11:13 (Linux 2.6.18-194.el5)
*	
*
* 	Date & Time:	2020-Jan-23 20:35:35 (2020-Jan-23 19:35:35 GMT)
*
*----------------------------------------------------------------------------------------
*
*	Design: riscv
*
*	Liberty Libraries used: 
*	        MyAnView: /home/isa07/LAB3/RISCV_Lite/innovus/riscv.enc.dat/libs/mmmc/NangateOpenCellLibrary_typical_ecsm_nowlm.lib
*
*	Power Domain used: 
*		Rail:        VDD 	Voltage:        1.1 
*
*       Power View : MyAnView
*
*       User-Defined Activity : N.A.
*
*       Activity File: N.A.
*
*       Hierarchical Global Activity: N.A.
*
*       Global Activity: N.A.
*
*       Sequential Element Activity: N.A.
*
*       Primary Input Activity: 0.200000
*
*       Default icg ratio: N.A.
*
*       Global Comb ClockGate Ratio: N.A.
*
*	Power Units = 1mW
*
*	Time Units = 1e-09 secs 
*
*       report_power -outfile FINALPOWER.rpt -sort total
*
-----------------------------------------------------------------------------------------


Total Power 
-----------------------------------------------------------------------------------------
Total Internal Power:        4.37706634 	   64.0282%
Total Switching Power:       1.85955997 	   27.2019%
Total Leakage Power:         0.59952473 	    8.7699%
Total Power:                 6.83615104 
-----------------------------------------------------------------------------------------


Group                           Internal   Switching     Leakage       Total  Percentage 
                                Power      Power         Power         Power  (%)        
-----------------------------------------------------------------------------------------
Sequential                         3.043       0.308      0.2558       3.606       52.75 
Macro                                  0           0           0           0           0 
IO                                     0           0           0           0           0 
Combinational                      1.335       1.552      0.3438        3.23       47.25 
Clock (Combinational)                  0           0           0           0           0 
Clock (Sequential)                     0           0           0           0           0 
-----------------------------------------------------------------------------------------
Total                              4.377        1.86      0.5995       6.836         100 
-----------------------------------------------------------------------------------------


Rail                  Voltage   Internal   Switching     Leakage       Total  Percentage 
                                Power      Power         Power         Power  (%)        
-----------------------------------------------------------------------------------------
VDD                       1.1      4.377        1.86      0.5995       6.836         100 


-----------------------------------------------------------------------------------------
*	Power Distribution Summary: 
* 		Highest Average Power: FE_OFC324_DP_EU_MUX2out_2 (CLKBUF_X3): 	  0.005738 
* 		Highest Leakage Power: DP_EU_AddressW_reg_temp_reg_0_ (SDFF_X1): 	 0.0001022 
* 		Total Cap: 	8.90087e-11 F
* 		Total instances in design: 16584
* 		Total instances in design with no power:     0
*          Total instances in design with no activity:     0
* 		Total Fillers and Decap:     0
-----------------------------------------------------------------------------------------

